TN:
SF:D:\wf\team\src\App.vue
FN:26,data
FN:33,changetop
FN:36,changebottom
FNF:3
FNH:0
FNDA:0,data
FNDA:0,changetop
FNDA:0,changebottom
DA:10,0
DA:11,0
DA:12,0
DA:13,0
DA:14,0
DA:15,0
DA:27,0
DA:34,0
DA:37,0
LF:9
LH:0
BRF:0
BRH:0
end_of_record
TN:
SF:D:\wf\team\src\assets\js\reg.js
FN:7,$1
FN:11,checkAll
FN:32,checkAllandUI
FNF:3
FNH:0
FNDA:0,$1
FNDA:0,checkAll
FNDA:0,checkAllandUI
DA:8,0
DA:12,0
DA:13,0
DA:14,0
DA:17,0
DA:18,0
DA:20,0
DA:33,0
DA:34,0
DA:35,0
DA:37,0
DA:38,0
LF:12
LH:0
BRDA:13,0,0,0
BRDA:13,0,1,0
BRDA:13,0,2,0
BRDA:17,1,0,0
BRDA:17,1,1,0
BRDA:33,2,0,0
BRDA:33,2,1,0
BRF:7
BRH:0
end_of_record
TN:
SF:D:\wf\team\src\components\bottom.vue
FN:33,mounted
FN:34,(anonymous_3)
FNF:2
FNH:0
FNDA:0,mounted
FNDA:0,(anonymous_3)
DA:30,0
DA:34,0
DA:35,0
LF:3
LH:0
BRF:0
BRH:0
end_of_record
TN:
SF:D:\wf\team\src\components\detail.vue
FN:14,mounted
FN:23,data
FNF:2
FNH:0
FNDA:0,mounted
FNDA:0,data
DA:10,0
DA:11,0
DA:15,0
DA:16,0
DA:24,0
LF:5
LH:0
BRF:0
BRH:0
end_of_record
TN:
SF:D:\wf\team\src\components\detailContent.vue
FN:20,data
FN:48,mounted
FNF:2
FNH:0
FNDA:0,data
FNDA:0,mounted
DA:12,0
DA:13,0
DA:21,0
LF:3
LH:0
BRF:0
BRH:0
end_of_record
TN:
SF:D:\wf\team\src\components\detailContentContent.vue
FN:27,data
FN:32,mounted
FNF:2
FNH:0
FNDA:0,data
FNDA:0,mounted
DA:28,0
LF:1
LH:0
BRF:0
BRH:0
end_of_record
TN:
SF:D:\wf\team\src\components\detailContentTop.vue
FN:22,data
FN:27,mounted
FNF:2
FNH:0
FNDA:0,data
FNDA:0,mounted
DA:23,0
LF:1
LH:0
BRF:0
BRH:0
end_of_record
TN:
SF:D:\wf\team\src\components\detailTop.vue
FN:20,data
FN:25,mounted
FNF:2
FNH:0
FNDA:0,data
FNDA:0,mounted
DA:12,0
DA:13,0
DA:21,0
LF:3
LH:0
BRF:0
BRH:0
end_of_record
TN:
SF:D:\wf\team\src\components\detailTopDate.vue
FN:15,data
FN:20,mounted
FNF:2
FNH:0
FNDA:0,data
FNDA:0,mounted
DA:16,0
LF:1
LH:0
BRF:0
BRH:0
end_of_record
TN:
SF:D:\wf\team\src\components\detailTopMoney.vue
FN:13,data
FN:18,mounted
FNF:2
FNH:0
FNDA:0,data
FNDA:0,mounted
DA:14,0
LF:1
LH:0
BRF:0
BRH:0
end_of_record
TN:
SF:D:\wf\team\src\components\find.vue
FN:33,mounted
FN:46,data
FNF:2
FNH:0
FNDA:0,mounted
FNDA:0,data
DA:23,0
DA:24,0
DA:25,0
DA:26,0
DA:27,0
DA:28,0
DA:29,0
DA:34,0
DA:35,0
DA:47,0
LF:10
LH:0
BRF:0
BRH:0
end_of_record
TN:
SF:D:\wf\team\src\components\findEightPic.vue
FN:50,data
FNF:1
FNH:0
FNDA:0,data
DA:51,0
LF:1
LH:0
BRF:0
BRH:0
end_of_record
TN:
SF:D:\wf\team\src\components\findJiufu.vue
FN:24,data
FNF:1
FNH:0
FNDA:0,data
DA:25,0
LF:1
LH:0
BRF:0
BRH:0
end_of_record
TN:
SF:D:\wf\team\src\components\findLunbotu.vue
FN:21,data
FN:26,mounted
FNF:2
FNH:0
FNDA:0,data
FNDA:0,mounted
DA:17,0
DA:18,0
DA:22,0
DA:27,0
LF:4
LH:0
BRF:0
BRH:0
end_of_record
TN:
SF:D:\wf\team\src\components\findMonth.vue
FN:41,data
FNF:1
FNH:0
FNDA:0,data
DA:42,0
LF:1
LH:0
BRF:0
BRH:0
end_of_record
TN:
SF:D:\wf\team\src\components\findTupianTwo.vue
FN:19,data
FNF:1
FNH:0
FNDA:0,data
DA:20,0
LF:1
LH:0
BRF:0
BRH:0
end_of_record
TN:
SF:D:\wf\team\src\components\findYusuan.vue
FN:41,data
FNF:1
FNH:0
FNDA:0,data
DA:42,0
LF:1
LH:0
BRF:0
BRH:0
end_of_record
TN:
SF:D:\wf\team\src\components\findZhuanxiang.vue
FN:28,data
FNF:1
FNH:0
FNDA:0,data
DA:29,0
LF:1
LH:0
BRF:0
BRH:0
end_of_record
TN:
SF:D:\wf\team\src\components\formTableContent.vue
FN:24,data
FN:69,beforeMount
FN:72,mounted
FN:76,(anonymous_5)
FN:77,(anonymous_6)
FN:91,clickDt
FNF:6
FNH:0
FNDA:0,data
FNDA:0,beforeMount
FNDA:0,mounted
FNDA:0,(anonymous_5)
FNDA:0,(anonymous_6)
FNDA:0,clickDt
DA:16,0
DA:17,0
DA:25,0
DA:70,0
DA:73,0
DA:74,0
DA:76,0
DA:77,0
DA:78,0
DA:79,0
DA:80,0
DA:81,0
DA:85,0
DA:87,0
DA:92,0
DA:93,0
LF:16
LH:0
BRF:0
BRH:0
end_of_record
TN:
SF:D:\wf\team\src\components\formTableContentContent.vue
FN:23,greet
FN:29,data
FN:34,mounted
FNF:3
FNH:0
FNDA:0,greet
FNDA:0,data
FNDA:0,mounted
DA:14,0
DA:15,0
DA:16,0
DA:24,0
DA:30,0
LF:5
LH:0
BRF:0
BRH:0
end_of_record
TN:
SF:D:\wf\team\src\components\formTableContentContentRank.vue
FN:27,data
FN:32,created
FNF:2
FNH:0
FNDA:0,data
FNDA:0,created
DA:28,0
LF:1
LH:0
BRF:0
BRH:0
end_of_record
TN:
SF:D:\wf\team\src\components\formTableContentContentTable.vue
FN:15,greet
FN:75,data
FN:83,mounted
FNF:3
FNH:0
FNDA:0,greet
FNDA:0,data
FNDA:0,mounted
DA:16,0
DA:17,0
DA:19,0
DA:20,0
DA:21,0
DA:22,0
DA:23,0
DA:24,0
DA:26,0
DA:28,0
DA:72,0
DA:76,0
DA:84,0
DA:85,0
DA:86,0
DA:87,0
DA:88,0
DA:89,0
DA:91,0
DA:92,0
DA:94,0
DA:138,0
LF:22
LH:0
BRF:0
BRH:0
end_of_record
TN:
SF:D:\wf\team\src\components\formTableContentContentTop.vue
FN:17,data
FN:22,mounted
FNF:2
FNH:0
FNDA:0,data
FNDA:0,mounted
DA:18,0
LF:1
LH:0
BRF:0
BRH:0
end_of_record
TN:
SF:D:\wf\team\src\components\forms.vue
FN:17,data
FN:22,mounted
FN:26,changeCard
FN:27,(anonymous_5)
FN:28,(anonymous_6)
FNF:5
FNH:0
FNDA:0,data
FNDA:0,mounted
FNDA:0,changeCard
FNDA:0,(anonymous_5)
FNDA:0,(anonymous_6)
DA:9,0
DA:10,0
DA:11,0
DA:18,0
DA:24,0
DA:27,0
DA:28,0
DA:29,0
DA:37,0
LF:9
LH:0
BRF:0
BRH:0
end_of_record
TN:
SF:D:\wf\team\src\components\formsTable.vue
FN:17,data
FN:22,mounted
FNF:2
FNH:0
FNDA:0,data
FNDA:0,mounted
DA:10,0
DA:18,0
LF:2
LH:0
BRF:0
BRH:0
end_of_record
TN:
SF:D:\wf\team\src\components\formsTop.vue
FN:22,data
FN:27,mounted
FNF:2
FNH:0
FNDA:0,data
FNDA:0,mounted
DA:23,0
LF:1
LH:0
BRF:0
BRH:0
end_of_record
TN:
SF:D:\wf\team\src\components\login.vue
FN:33,data
FN:44,mounted
FN:49,user
FN:58,psw
FNF:4
FNH:0
FNDA:0,data
FNDA:0,mounted
FNDA:0,user
FNDA:0,psw
DA:34,0
DA:45,0
DA:46,0
DA:50,0
DA:51,0
DA:52,0
DA:53,0
DA:55,0
DA:59,0
DA:60,0
DA:61,0
DA:62,0
DA:64,0
LF:13
LH:0
BRDA:51,0,0,0
BRDA:51,0,1,0
BRDA:60,1,0,0
BRDA:60,1,1,0
BRF:4
BRH:0
end_of_record
TN:
SF:D:\wf\team\src\components\mine.vue
FN:15,mounted
FNF:1
FNH:0
FNDA:0,mounted
DA:10,0
DA:11,0
DA:12,0
DA:16,0
DA:17,0
LF:5
LH:0
BRF:0
BRH:0
end_of_record
TN:
SF:D:\wf\team\src\components\mineBottom.vue
FN:16,data
FNF:1
FNH:0
FNDA:0,data
DA:17,0
LF:1
LH:0
BRF:0
BRH:0
end_of_record
TN:
SF:D:\wf\team\src\components\mineCenter.vue
FN:16,data
FNF:1
FNH:0
FNDA:0,data
DA:17,0
LF:1
LH:0
BRF:0
BRH:0
end_of_record
TN:
SF:D:\wf\team\src\components\recordIn.vue
FN:28,mounted
FN:29,(anonymous_3)
FN:37,data
FNF:3
FNH:0
FNDA:0,mounted
FNDA:0,(anonymous_3)
FNDA:0,data
DA:23,0
DA:29,0
DA:30,0
DA:38,0
LF:4
LH:0
BRF:0
BRH:0
end_of_record
TN:
SF:D:\wf\team\src\components\recordOut.vue
FN:28,mounted
FN:31,(anonymous_3)
FN:38,data
FNF:3
FNH:0
FNDA:0,mounted
FNDA:0,(anonymous_3)
FNDA:0,data
DA:23,0
DA:29,0
DA:30,0
DA:31,0
DA:32,0
DA:39,0
LF:6
LH:0
BRF:0
BRH:0
end_of_record
TN:
SF:D:\wf\team\src\components\recordTitle.vue
FN:21,mounted
FN:22,(anonymous_3)
FNF:2
FNH:0
FNDA:0,mounted
FNDA:0,(anonymous_3)
DA:18,0
DA:22,0
DA:23,0
LF:3
LH:0
BRF:0
BRH:0
end_of_record
